<?xml version="1.0" encoding="UTF-8"?>
<!-- Generated by org.testng.reporters.JUnitReportReporter -->
<testsuite hostname="DESKTOP-F6QISAQ" failures="0" tests="7" name="jbkProjectFramework.testPage.VerifyLoginPage" time="104.508" errors="0" timestamp="2021-08-05T10:19:59 GMT-07:00" skipped="0">
  <testcase classname="jbkProjectFramework.testPage.VerifyLoginPage" name="TC_01_verifyLoginField" time="21.734"/>
  <system-out/>
  <testcase classname="jbkProjectFramework.testPage.VerifyLoginPage" name="TC_01_verifyLoginField" time="10.413"/>
  <system-out/>
  <testcase classname="jbkProjectFramework.testPage.VerifyLoginPage" name="TC_01_verifyLoginField" time="11.215"/>
  <system-out/>
  <testcase classname="jbkProjectFramework.testPage.VerifyLoginPage" name="TC_01_verifyLoginField" time="10.231"/>
  <system-out/>
  <testcase classname="jbkProjectFramework.testPage.VerifyLoginPage" name="TC_01_verifyLoginField" time="25.536"/>
  <system-out/>
  <testcase classname="jbkProjectFramework.testPage.VerifyLoginPage" name="TC_01_verifyLoginField" time="13.643"/>
  <system-out/>
  <testcase classname="jbkProjectFramework.testPage.VerifyLoginPage" name="TC_01_verifyLoginField" time="11.736"/>
  <system-out/>
</testsuite> <!-- jbkProjectFramework.testPage.VerifyLoginPage -->
