<?xml version="1.0" encoding="UTF-8"?>
<!-- Generated by org.testng.reporters.JUnitReportReporter -->
<testsuite hostname="DESKTOP-F6QISAQ" failures="0" tests="1" name="jbkProjectFramework.loginPageTest.VerifyLoginPage" time="14.518" errors="0" timestamp="2021-08-05T08:25:48 GMT-07:00" skipped="0">
  <testcase classname="jbkProjectFramework.loginPageTest.VerifyLoginPage" name="TC_01_verifyLoginField" time="14.518"/>
  <system-out/>
</testsuite> <!-- jbkProjectFramework.loginPageTest.VerifyLoginPage -->
