<?xml version="1.0" encoding="UTF-8"?>
<!-- Generated by org.testng.reporters.JUnitReportReporter -->
<testsuite hostname="DESKTOP-F6QISAQ" failures="0" tests="1" name="jbkProjectFramework.testPage.UserRegisterDataDrivenExcel" time="32.518" errors="0" timestamp="2021-08-05T17:42:52 GMT-07:00" skipped="0">
  <testcase classname="jbkProjectFramework.testPage.UserRegisterDataDrivenExcel" name="TC_01_UserRegisterDataDriven" time="32.518"/>
  <system-out/>
</testsuite> <!-- jbkProjectFramework.testPage.UserRegisterDataDrivenExcel -->
