<?xml version="1.0" encoding="UTF-8"?>
<!-- Generated by org.testng.reporters.JUnitReportReporter -->
<testsuite hostname="DESKTOP-F6QISAQ" failures="0" tests="1" name="jbkProjectFramework.dataTable.UserRegisterData" time="0.040" errors="0" timestamp="2021-08-05T15:32:47 GMT-07:00" skipped="0">
  <testcase classname="jbkProjectFramework.dataTable.UserRegisterData" name="verifyuser" time="0.040"/>
  <system-out/>
</testsuite> <!-- jbkProjectFramework.dataTable.UserRegisterData -->
